<!DOCTYPE HTML><html><head><title>Behave Test Report</title><meta content="text/html;charset=utf-8" http-equiv="content-type" /><style type="text/css"><!--
@charset "utf-8"; .passed{}.failed{}.error{}.skipped{}.undefined{}.summary{}.failed_scenarios{}.footer{}body{font-size:0;color:white;margin:0;padding:0}.behave,td,th{font:normal 11px "Lucida Grande",Helvetica,sans-serif;background:white;color:black}.behave #behave-header,td #behave-header,th #behave-header{background:#65c400;color:white;height:8em}.behave #behave-header #expand-collapse p,td #behave-header #expand-collapse p,th #behave-header #expand-collapse p{float:right;margin:0 0 0 10px}.behave .scenario h3,td .scenario h3,th .scenario h3,.background h3{font-size:11px;padding:3px;margin:0;background:#65c400;color:white;font-weight:bold}.background h3{font-size:1.2em;background:#666}.behave h1,td h1,th h1{margin:0 10px 0 10px;padding:10px;font-family:"Lucida Grande",Helvetica,sans-serif;font-size:2em;position:absolute}.behave h4,td h4,th h4{margin-bottom:2px}.behave div.feature,td div.feature,th div.feature{padding:2px;margin:0 10px 5px 10px}.behave div.examples,td div.examples,th div.examples{padding:0 0 0 1em}.behave .stats,td .stats,th .stats{margin:2em}.behave .summary ul.features li,td .summary ul.features li,th .summary ul.features li{display:inline}.behave .step_name,td .step_name,th .step_name{float:left}.behave .step_file,td .step_file,th .step_file{text-align:right;color:#999}.behave .step_file a,td .step_file a,th .step_file a{color:#999}.behave .scenario_file,td .scenario_file,th .scenario_file{float:right;color:#999}.behave .step_duration{padding-left:1em}.behave .tag,td .tag,th .tag{font-weight:bold;color:#246ac1}.behave .backtrace,td .backtrace,th .backtrace{margin-top:0;margin-bottom:0;margin-left:1em;color:black}.behave a,td a,th a{color:#be5c00;margin-right:.5em}.behave a:hover,td a:hover,th a:hover{text-decoration:none}.behave a:visited,td a:visited,th a:visited{font-weight:normal}.behave a div.examples,td a div.examples,th a div.examples{margin:5px 0 5px 15px;color:black}.behave .outline table,td .outline table,th .outline table{margin:0 0 5px 10px}.behave table,td table,th table{border-collapse:collapse}.behave table td,td table td,th table td{padding:3px 3px 3px 5px}.behave table td.failed,.behave table td.passed,.behave table td.skipped,.behave table td.pending,.behave table td.undefined,td table td.failed,td table td.passed,td table td.skipped,td table td.pending{padding-left:18px;padding-right:10px}.behave table td.failed,td table td.failed,th table td.failed{border-left:5px solid #c20000;border-bottom:1px solid #c20000;background:#fffbd3;color:#c20000}.behave table td.passed,td table td.passed,th table td.passed{border-left:5px solid #65c400;border-bottom:1px solid #65c400;background:#dbffb4;color:#3d7700}.behave table td.skipped,td table td.skipped,th table td.skipped{border-left:5px solid aqua;border-bottom:1px solid aqua;background:#e0ffff;color:#011}.behave table td.pending,td table td.pending,th table td.pending{border-left:5px solid #faf834;border-bottom:1px solid #faf834;background:#fcfb98;color:#131313}.behave table td.undefined,td table td.undefined,th table td.undefined{border-left:5px solid #faf834;border-bottom:1px solid #faf834;background:#fcfb98;color:#131313}.behave table td.message,td table td.message,th table td.message{border-left:5px solid aqua;border-bottom:1px solid aqua;background:#e0ffff;color:#011}.behave ol,td ol,th ol{list-style:none;margin:0;padding:0}.behave ol li.step,td ol li.step,th ol li.step{padding:3px 3px 3px 18px;margin:5px 0 5px 5px}.behave ol li,td ol li,th ol li{margin:0 0 0 1em;padding:0 0 0 .2em}.behave ol li span.param,td ol li span.param,th ol li span.param{font-weight:bold}.behave ol li.failed,td ol li.failed,th ol li.failed{border-left:5px solid #c20000;border-bottom:1px solid #c20000;background:#fffbd3;color:#c20000}.behave ol li.passed,td ol li.passed,th ol li.passed{border-left:5px solid #65c400;border-bottom:1px solid #65c400;background:#dbffb4;color:#3d7700}.behave ol li.skipped,td ol li.skipped,th ol li.skipped{border-left:5px solid aqua;border-bottom:1px solid aqua;background:#e0ffff;color:#011}.behave ol li.pending,td ol li.pending,th ol li.pending{border-left:5px solid #faf834;border-bottom:1px solid #faf834;background:#fcfb98;color:#131313}.behave ol li.undefined,td ol li.undefined,th ol li.undefined{border-left:5px solid #faf834;border-bottom:1px solid #faf834;background:#fcfb98;color:#131313}.behave ol li.message,td ol li.message,th ol li.message{border-left:5px solid aqua;border-bottom:1px solid aqua;background:#e0ffff;color:#011;margin-left:10px}.behave #summary,td #summary,th #summary{margin:0;padding:5px 10px;text-align:right;top:0;right:0;float:right}.behave #summary p,td #summary p,th #summary p{margin:0 0 0 2px}.behave #summary #totals,td #summary #totals,th #summary #totals{font-size:1.2em}.behave .scenario h3.failed,td .scenario h3.failed,th .scenario h3.failed,.background h3.failed{background:#c20000}.behave #behave-header.failed,td #behave-header.failed,th #behave-header.failed{background:#c20000}.behave .scenario h3.undefined,td .scenario h3.undefined,th .scenario h3.undefined,.background h3.undefined{background:#faf834;color:black}.behave #behave-header.undefined,td #behave-header.undefined,th #behave-header.undefined{background:#faf834;color:black}#behave-header.failed a{color:white}pre{white-space:pre-wrap}
--></style><script type="text/javascript"><!--
function Collapsible_toggle(id){var elem=document.getElementById(id);elem.style.display=(elem.style.display=='none'?'block':'none');return false;};function Collapsible_expandAll(className){var elems=document.getElementsByClassName(className);for(var i=0;i<elems.length;i++){elems[i].style.display='block';}};function Collapsible_collapseAll(className){var elems=document.getElementsByClassName(className);for(var i=0;i<elems.length;i++){elems[i].style.display='none';}};function Collapsible_expandAllFailed(){var elems=document.getElementsByClassName('failed');for(var i=0;i<elems.length;i++){var elem=elems[i];if(elem.nodeName=='H3'){elem.parentElement.getElementsByTagName('ol')[0].style.display='block';}}}
--></script></head><body><div class="behave"><div id="behave-header" class="failed"><div id="label"><h1>Behave Test Report</h1></div><div id="summary"><p id="totals"><p id="feature_totals">Features: failed: 2, passed: 1</p><p id="scenario_totals">Scenarios: passed: 8, failed: 4</p><p id="step_totals">Steps: passed: 22, failed: 1, skipped: 13, untested: 3</p></p><p id="duration">Finished in 208.5 seconds</p><div id="expand-collapse"><a id="expander" href="#" onclick="Collapsible_expandAll('scenario_steps')">Expand All</a><span> | </span><a id="collapser" href="#" onclick="Collapsible_collapseAll('scenario_steps')">Collapse All</a><span> | </span><a id="failed_expander" href="#" onclick="Collapsible_expandAllFailed()">Expand All Failed</a></div></div></div><div class="feature"><h2><span class="val">Feature: Header and footer functionality on the website https://www.sinsay.com/ro/ro/.</span></h2><span /></div><div class="background"><h3><span class="val">Background: </span></h3><ol /><span /></div><div class="scenario"><span class="scenario_file">features/header.feature:5</span><h3 onclick="Collapsible_toggle('scenario_0')"><span class="val">Scenario: Check if the user is redirected to home page by clicking the 'logo'</span></h3><ol class="scenario_steps" id="scenario_0"><li class="step passed"><div class="step_name"><span class="keyword">Given </span><span class="step val">I navigate to home page</span><small class="step_duration">(5.276s)</small></div><div class="step_file"><span>steps/home_steps.py:6</span></div><span class="embed" /></li><li class="step passed"><div class="step_name"><span class="keyword">When </span><span class="step val">I navigate to login</span><small class="step_duration">(3.655s)</small></div><div class="step_file"><span>steps/home_steps.py:12</span></div><span class="embed" /></li><li class="step passed"><div class="step_name"><span class="keyword">And </span><span class="step val">I click on the 'Logo' image</span><small class="step_duration">(3.176s)</small></div><div class="step_file"><span>steps/header_steps.py:4</span></div><span class="embed" /></li><li class="step passed"><div class="step_name"><span class="keyword">Then </span><span class="step val">I should be redirected to the home page</span><small class="step_duration">(0.005s)</small></div><div class="step_file"><span>steps/home_steps.py:45</span></div><span class="embed" /></li></ol><span /></div><div class="scenario"><span class="scenario_file">features/header.feature:10</span><h3 onclick="Collapsible_toggle('scenario_1')"><span class="val">Scenario: When the user click on wishlist, should be redirected to wishlist page</span></h3><ol class="scenario_steps" id="scenario_1"><li class="step passed"><div class="step_name"><span class="keyword">Given </span><span class="step val">I navigate to home page</span><small class="step_duration">(6.375s)</small></div><div class="step_file"><span>steps/home_steps.py:6</span></div><span class="embed" /></li><li class="step passed"><div class="step_name"><span class="keyword">When </span><span class="step val">I navigate to wishlist</span><small class="step_duration">(3.685s)</small></div><div class="step_file"><span>steps/home_steps.py:17</span></div><span class="embed" /></li><li class="step passed"><div class="step_name"><span class="keyword">Then </span><span class="step val">I should be redirected to the wishlist page</span><small class="step_duration">(0.005s)</small></div><div class="step_file"><span>steps/home_steps.py:53</span></div><span class="embed" /></li></ol><span /></div><div class="scenario"><span class="scenario_file">features/header.feature:14</span><h3 onclick="Collapsible_toggle('scenario_2')" class="failed"><span class="val">Scenario: When the user click on cart, should be redirected to cart page</span></h3><ol class="scenario_steps" id="scenario_2"><li class="step passed"><div class="step_name"><span class="keyword">Given </span><span class="step val">I navigate to home page</span><small class="step_duration">(5.571s)</small></div><div class="step_file"><span>steps/home_steps.py:6</span></div><span class="embed" /></li><li class="step failed"><div class="step_name"><span class="keyword">When </span><span class="step val">I navigate to cart</span><small class="step_duration">(10.020s)</small></div><div class="step_file"><span>steps/home_steps.py:28</span></div><span class="embed"><a onclick="Collapsible_toggle('embed_1')">Error Message</a><pre id="embed_1" style="display: none">Traceback (most recent call last):
  File "C:\Users\stefa\AppData\Local\Programs\Python\Python311\Lib\site-packages\behave\model.py", line 1329, in run
    match.run(runner.context)
  File "C:\Users\stefa\AppData\Local\Programs\Python\Python311\Lib\site-packages\behave\matchers.py", line 98, in run
    self.func(context, *args, **kwargs)
  File "steps\home_steps.py", line 30, in step_impl
    context.homepage.go_to_cart()
  File "D:\ProjectsElena\ProiectPracticTestareAutomata\pages\home_page.py", line 23, in go_to_cart
    self.driver.find_element(By.XPATH, PageObjects.cart_button).click()
    ^^^^^^^^^^^^^^^^^^^^^^^^^^^^^^^^^^^^^^^^^^^^^^^^^^^^^^^^^^^
  File "C:\Users\stefa\AppData\Local\Programs\Python\Python311\Lib\site-packages\selenium\webdriver\remote\webdriver.py", line 831, in find_element
    return self.execute(Command.FIND_ELEMENT, {"using": by, "value": value})["value"]
           ^^^^^^^^^^^^^^^^^^^^^^^^^^^^^^^^^^^^^^^^^^^^^^^^^^^^^^^^^^^^^^^^^
  File "C:\Users\stefa\AppData\Local\Programs\Python\Python311\Lib\site-packages\selenium\webdriver\remote\webdriver.py", line 440, in execute
    self.error_handler.check_response(response)
  File "C:\Users\stefa\AppData\Local\Programs\Python\Python311\Lib\site-packages\selenium\webdriver\remote\errorhandler.py", line 245, in check_response
    raise exception_class(message, screen, stacktrace)
selenium.common.exceptions.NoSuchElementException: Message: no such element: Unable to locate element: {"method":"xpath","selector":"//button[@data-testid="cart-button"]"}
  (Session info: chrome=121.0.6167.185)
Stacktrace:
	GetHandleVerifier [0x00EAE123+48179]
	(No symbol) [0x00E35D01]
	(No symbol) [0x00D1D72D]
	(No symbol) [0x00D5572B]
	(No symbol) [0x00D5586B]
	(No symbol) [0x00D8C5B2]
	(No symbol) [0x00D73CD4]
	(No symbol) [0x00D8AA1E]
	(No symbol) [0x00D73A26]
	(No symbol) [0x00D4B7BC]
	(No symbol) [0x00D4C62D]
	GetHandleVerifier [0x011C7C33+3299139]
	GetHandleVerifier [0x01205BF2+3553026]
	GetHandleVerifier [0x01200BCC+3532508]
	GetHandleVerifier [0x00F4494E+664670]
	(No symbol) [0x00E40AB4]
	(No symbol) [0x00E3BF08]
	(No symbol) [0x00E3C02D]
	(No symbol) [0x00E2DD00]
	BaseThreadInitThunk [0x759D7BA9+25]
	RtlInitializeExceptionChain [0x76EFBD2B+107]
	RtlClearBits [0x76EFBCAF+191]

</pre>    </span></li></ol><span /></div><div class="scenario"><span class="scenario_file">features/header.feature:18</span><h3 onclick="Collapsible_toggle('scenario_3')"><span class="val">Scenario: When the user click on help, should be redirected to help page</span></h3><ol class="scenario_steps" id="scenario_3"><li class="step passed"><div class="step_name"><span class="keyword">Given </span><span class="step val">I navigate to home page</span><small class="step_duration">(7.403s)</small></div><div class="step_file"><span>steps/home_steps.py:6</span></div><span class="embed" /></li><li class="step passed"><div class="step_name"><span class="keyword">When </span><span class="step val">I navigate to help</span><small class="step_duration">(3.322s)</small></div><div class="step_file"><span>steps/home_steps.py:33</span></div><span class="embed" /></li><li class="step passed"><div class="step_name"><span class="keyword">Then </span><span class="step val">I should be redirected to the help page</span><small class="step_duration">(0.008s)</small></div><div class="step_file"><span>steps/home_steps.py:69</span></div><span class="embed" /></li></ol><span /></div><div class="feature"><h2><span class="val">Feature: Login</span></h2><span /></div><div class="background"><h3><span class="val">Background: </span></h3><ol /><span /></div><div class="scenario"><span class="scenario_file">features/login.feature:6</span><h3 onclick="Collapsible_toggle('scenario_4')" class="failed"><span class="val">Scenario: Successful Login</span></h3><ol class="scenario_steps" id="scenario_4"><li class="step passed"><div class="step_name"><span class="keyword">Given </span><span class="step val">I navigate to home page</span><small class="step_duration">(5.467s)</small></div><div class="step_file"><span>steps/home_steps.py:6</span></div><span class="embed" /></li><li class="step failed"><div class="step_name"><span class="keyword">When </span><span class="step val">I navigate to login</span><small class="step_duration">(10.069s)</small></div><div class="step_file"><span>steps/home_steps.py:12</span></div><span class="embed"><a onclick="Collapsible_toggle('embed_2')">Error Message</a><pre id="embed_2" style="display: none">Traceback (most recent call last):
  File "C:\Users\stefa\AppData\Local\Programs\Python\Python311\Lib\site-packages\behave\model.py", line 1329, in run
    match.run(runner.context)
  File "C:\Users\stefa\AppData\Local\Programs\Python\Python311\Lib\site-packages\behave\matchers.py", line 98, in run
    self.func(context, *args, **kwargs)
  File "steps\home_steps.py", line 14, in step_impl
    context.homepage.go_to_login()
  File "D:\ProjectsElena\ProiectPracticTestareAutomata\pages\home_page.py", line 14, in go_to_login
    self.driver.find_element(By.XPATH, PageObjects.login_button).click()
    ^^^^^^^^^^^^^^^^^^^^^^^^^^^^^^^^^^^^^^^^^^^^^^^^^^^^^^^^^^^^
  File "C:\Users\stefa\AppData\Local\Programs\Python\Python311\Lib\site-packages\selenium\webdriver\remote\webdriver.py", line 831, in find_element
    return self.execute(Command.FIND_ELEMENT, {"using": by, "value": value})["value"]
           ^^^^^^^^^^^^^^^^^^^^^^^^^^^^^^^^^^^^^^^^^^^^^^^^^^^^^^^^^^^^^^^^^
  File "C:\Users\stefa\AppData\Local\Programs\Python\Python311\Lib\site-packages\selenium\webdriver\remote\webdriver.py", line 440, in execute
    self.error_handler.check_response(response)
  File "C:\Users\stefa\AppData\Local\Programs\Python\Python311\Lib\site-packages\selenium\webdriver\remote\errorhandler.py", line 245, in check_response
    raise exception_class(message, screen, stacktrace)
selenium.common.exceptions.NoSuchElementException: Message: no such element: Unable to locate element: {"method":"xpath","selector":"//button[@data-testid="account-info-logged-false"]"}
  (Session info: chrome=121.0.6167.185)
Stacktrace:
	GetHandleVerifier [0x00EAE123+48179]
	(No symbol) [0x00E35D01]
	(No symbol) [0x00D1D72D]
	(No symbol) [0x00D5572B]
	(No symbol) [0x00D5586B]
	(No symbol) [0x00D8C5B2]
	(No symbol) [0x00D73CD4]
	(No symbol) [0x00D8AA1E]
	(No symbol) [0x00D73A26]
	(No symbol) [0x00D4B7BC]
	(No symbol) [0x00D4C62D]
	GetHandleVerifier [0x011C7C33+3299139]
	GetHandleVerifier [0x01205BF2+3553026]
	GetHandleVerifier [0x01200BCC+3532508]
	GetHandleVerifier [0x00F4494E+664670]
	(No symbol) [0x00E40AB4]
	(No symbol) [0x00E3BF08]
	(No symbol) [0x00E3C02D]
	(No symbol) [0x00E2DD00]
	BaseThreadInitThunk [0x759D7BA9+25]
	RtlInitializeExceptionChain [0x76EFBD2B+107]
	RtlClearBits [0x76EFBCAF+191]

</pre>    </span></li></ol><span /></div><div class="scenario"><span class="scenario_file">features/login.feature:13</span><h3 onclick="Collapsible_toggle('scenario_5')" class="failed"><span class="val">Scenario: Incorrect e-mail</span></h3><ol class="scenario_steps" id="scenario_5"><li class="step passed"><div class="step_name"><span class="keyword">Given </span><span class="step val">I navigate to home page</span><small class="step_duration">(5.376s)</small></div><div class="step_file"><span>steps/home_steps.py:6</span></div><span class="embed" /></li><li class="step failed"><div class="step_name"><span class="keyword">When </span><span class="step val">I navigate to login</span><small class="step_duration">(10.066s)</small></div><div class="step_file"><span>steps/home_steps.py:12</span></div><span class="embed"><a onclick="Collapsible_toggle('embed_3')">Error Message</a><pre id="embed_3" style="display: none">Traceback (most recent call last):
  File "C:\Users\stefa\AppData\Local\Programs\Python\Python311\Lib\site-packages\behave\model.py", line 1329, in run
    match.run(runner.context)
  File "C:\Users\stefa\AppData\Local\Programs\Python\Python311\Lib\site-packages\behave\matchers.py", line 98, in run
    self.func(context, *args, **kwargs)
  File "steps\home_steps.py", line 14, in step_impl
    context.homepage.go_to_login()
  File "D:\ProjectsElena\ProiectPracticTestareAutomata\pages\home_page.py", line 14, in go_to_login
    self.driver.find_element(By.XPATH, PageObjects.login_button).click()
    ^^^^^^^^^^^^^^^^^^^^^^^^^^^^^^^^^^^^^^^^^^^^^^^^^^^^^^^^^^^^
  File "C:\Users\stefa\AppData\Local\Programs\Python\Python311\Lib\site-packages\selenium\webdriver\remote\webdriver.py", line 831, in find_element
    return self.execute(Command.FIND_ELEMENT, {"using": by, "value": value})["value"]
           ^^^^^^^^^^^^^^^^^^^^^^^^^^^^^^^^^^^^^^^^^^^^^^^^^^^^^^^^^^^^^^^^^
  File "C:\Users\stefa\AppData\Local\Programs\Python\Python311\Lib\site-packages\selenium\webdriver\remote\webdriver.py", line 440, in execute
    self.error_handler.check_response(response)
  File "C:\Users\stefa\AppData\Local\Programs\Python\Python311\Lib\site-packages\selenium\webdriver\remote\errorhandler.py", line 245, in check_response
    raise exception_class(message, screen, stacktrace)
selenium.common.exceptions.NoSuchElementException: Message: no such element: Unable to locate element: {"method":"xpath","selector":"//button[@data-testid="account-info-logged-false"]"}
  (Session info: chrome=121.0.6167.185)
Stacktrace:
	GetHandleVerifier [0x00EAE123+48179]
	(No symbol) [0x00E35D01]
	(No symbol) [0x00D1D72D]
	(No symbol) [0x00D5572B]
	(No symbol) [0x00D5586B]
	(No symbol) [0x00D8C5B2]
	(No symbol) [0x00D73CD4]
	(No symbol) [0x00D8AA1E]
	(No symbol) [0x00D73A26]
	(No symbol) [0x00D4B7BC]
	(No symbol) [0x00D4C62D]
	GetHandleVerifier [0x011C7C33+3299139]
	GetHandleVerifier [0x01205BF2+3553026]
	GetHandleVerifier [0x01200BCC+3532508]
	GetHandleVerifier [0x00F4494E+664670]
	(No symbol) [0x00E40AB4]
	(No symbol) [0x00E3BF08]
	(No symbol) [0x00E3C02D]
	(No symbol) [0x00E2DD00]
	BaseThreadInitThunk [0x759D7BA9+25]
	RtlInitializeExceptionChain [0x76EFBD2B+107]
	RtlClearBits [0x76EFBCAF+191]

</pre>    </span></li></ol><span /></div><div class="scenario"><span class="scenario_file">features/login.feature:20</span><h3 onclick="Collapsible_toggle('scenario_6')" class="failed"><span class="val">Scenario: Incorrect password</span></h3><ol class="scenario_steps" id="scenario_6"><li class="step passed"><div class="step_name"><span class="keyword">Given </span><span class="step val">I navigate to home page</span><small class="step_duration">(5.707s)</small></div><div class="step_file"><span>steps/home_steps.py:6</span></div><span class="embed" /></li><li class="step failed"><div class="step_name"><span class="keyword">When </span><span class="step val">I navigate to login</span><small class="step_duration">(10.014s)</small></div><div class="step_file"><span>steps/home_steps.py:12</span></div><span class="embed"><a onclick="Collapsible_toggle('embed_4')">Error Message</a><pre id="embed_4" style="display: none">Traceback (most recent call last):
  File "C:\Users\stefa\AppData\Local\Programs\Python\Python311\Lib\site-packages\behave\model.py", line 1329, in run
    match.run(runner.context)
  File "C:\Users\stefa\AppData\Local\Programs\Python\Python311\Lib\site-packages\behave\matchers.py", line 98, in run
    self.func(context, *args, **kwargs)
  File "steps\home_steps.py", line 14, in step_impl
    context.homepage.go_to_login()
  File "D:\ProjectsElena\ProiectPracticTestareAutomata\pages\home_page.py", line 14, in go_to_login
    self.driver.find_element(By.XPATH, PageObjects.login_button).click()
    ^^^^^^^^^^^^^^^^^^^^^^^^^^^^^^^^^^^^^^^^^^^^^^^^^^^^^^^^^^^^
  File "C:\Users\stefa\AppData\Local\Programs\Python\Python311\Lib\site-packages\selenium\webdriver\remote\webdriver.py", line 831, in find_element
    return self.execute(Command.FIND_ELEMENT, {"using": by, "value": value})["value"]
           ^^^^^^^^^^^^^^^^^^^^^^^^^^^^^^^^^^^^^^^^^^^^^^^^^^^^^^^^^^^^^^^^^
  File "C:\Users\stefa\AppData\Local\Programs\Python\Python311\Lib\site-packages\selenium\webdriver\remote\webdriver.py", line 440, in execute
    self.error_handler.check_response(response)
  File "C:\Users\stefa\AppData\Local\Programs\Python\Python311\Lib\site-packages\selenium\webdriver\remote\errorhandler.py", line 245, in check_response
    raise exception_class(message, screen, stacktrace)
selenium.common.exceptions.NoSuchElementException: Message: no such element: Unable to locate element: {"method":"xpath","selector":"//button[@data-testid="account-info-logged-false"]"}
  (Session info: chrome=121.0.6167.185)
Stacktrace:
	GetHandleVerifier [0x00EAE123+48179]
	(No symbol) [0x00E35D01]
	(No symbol) [0x00D1D72D]
	(No symbol) [0x00D5572B]
	(No symbol) [0x00D5586B]
	(No symbol) [0x00D8C5B2]
	(No symbol) [0x00D73CD4]
	(No symbol) [0x00D8AA1E]
	(No symbol) [0x00D73A26]
	(No symbol) [0x00D4B7BC]
	(No symbol) [0x00D4C62D]
	GetHandleVerifier [0x011C7C33+3299139]
	GetHandleVerifier [0x01205BF2+3553026]
	GetHandleVerifier [0x01200BCC+3532508]
	GetHandleVerifier [0x00F4494E+664670]
	(No symbol) [0x00E40AB4]
	(No symbol) [0x00E3BF08]
	(No symbol) [0x00E3C02D]
	(No symbol) [0x00E2DD00]
	BaseThreadInitThunk [0x759D7BA9+25]
	RtlInitializeExceptionChain [0x76EFBD2B+107]
	RtlClearBits [0x76EFBCAF+191]

</pre>    </span></li></ol><span /></div><div class="scenario"><span class="scenario_file">features/login.feature:27</span><h3 onclick="Collapsible_toggle('scenario_7')"><span class="val">Scenario: Empty email field</span></h3><ol class="scenario_steps" id="scenario_7"><li class="step passed"><div class="step_name"><span class="keyword">Given </span><span class="step val">I navigate to home page</span><small class="step_duration">(6.418s)</small></div><div class="step_file"><span>steps/home_steps.py:6</span></div><span class="embed" /></li><li class="step passed"><div class="step_name"><span class="keyword">When </span><span class="step val">I navigate to login</span><small class="step_duration">(2.876s)</small></div><div class="step_file"><span>steps/home_steps.py:12</span></div><span class="embed" /></li><li class="step passed"><div class="step_name"><span class="keyword">When </span><span class="step val">I enter no email</span><small class="step_duration">(0.056s)</small></div><div class="step_file"><span>steps/login_steps.py:35</span></div><span class="embed" /></li><li class="step passed"><div class="step_name"><span class="keyword">And </span><span class="step val">I enter my password</span><small class="step_duration">(0.099s)</small></div><div class="step_file"><span>steps/login_steps.py:9</span></div><span class="embed" /></li><li class="step passed"><div class="step_name"><span class="keyword">And </span><span class="step val">I click on Submit button</span><small class="step_duration">(0.082s)</small></div><div class="step_file"><span>steps/login_steps.py:14</span></div><span class="embed" /></li><li class="step passed"><div class="step_name"><span class="keyword">Then </span><span class="step val">I should see the validation error that the email is required</span><small class="step_duration">(0.026s)</small></div><div class="step_file"><span>steps/login_steps.py:50</span></div><span class="embed" /></li></ol><span /></div><div class="scenario"><span class="scenario_file">features/login.feature:34</span><h3 onclick="Collapsible_toggle('scenario_8')"><span class="val">Scenario: Empty password field</span></h3><ol class="scenario_steps" id="scenario_8"><li class="step passed"><div class="step_name"><span class="keyword">Given </span><span class="step val">I navigate to home page</span><small class="step_duration">(6.860s)</small></div><div class="step_file"><span>steps/home_steps.py:6</span></div><span class="embed" /></li><li class="step passed"><div class="step_name"><span class="keyword">When </span><span class="step val">I navigate to login</span><small class="step_duration">(3.311s)</small></div><div class="step_file"><span>steps/home_steps.py:12</span></div><span class="embed" /></li><li class="step passed"><div class="step_name"><span class="keyword">When </span><span class="step val">I enter my email</span><small class="step_duration">(0.113s)</small></div><div class="step_file"><span>steps/login_steps.py:4</span></div><span class="embed" /></li><li class="step passed"><div class="step_name"><span class="keyword">And </span><span class="step val">I enter no password</span><small class="step_duration">(0.045s)</small></div><div class="step_file"><span>steps/login_steps.py:40</span></div><span class="embed" /></li><li class="step passed"><div class="step_name"><span class="keyword">And </span><span class="step val">I click on Submit button</span><small class="step_duration">(0.130s)</small></div><div class="step_file"><span>steps/login_steps.py:14</span></div><span class="embed" /></li><li class="step passed"><div class="step_name"><span class="keyword">Then </span><span class="step val">I should see the validation error that the password is required</span><small class="step_duration">(0.021s)</small></div><div class="step_file"><span>steps/login_steps.py:55</span></div><span class="embed" /></li></ol><span /></div><div class="scenario"><span class="scenario_file">features/login.feature:41</span><h3 onclick="Collapsible_toggle('scenario_9')"><span class="val">Scenario: Email not formatted correctly</span></h3><ol class="scenario_steps" id="scenario_9"><li class="step passed"><div class="step_name"><span class="keyword">Given </span><span class="step val">I navigate to home page</span><small class="step_duration">(6.618s)</small></div><div class="step_file"><span>steps/home_steps.py:6</span></div><span class="embed" /></li><li class="step passed"><div class="step_name"><span class="keyword">When </span><span class="step val">I navigate to login</span><small class="step_duration">(2.822s)</small></div><div class="step_file"><span>steps/home_steps.py:12</span></div><span class="embed" /></li><li class="step passed"><div class="step_name"><span class="keyword">When </span><span class="step val">I enter invalid email</span><small class="step_duration">(0.086s)</small></div><div class="step_file"><span>steps/login_steps.py:45</span></div><span class="embed" /></li><li class="step passed"><div class="step_name"><span class="keyword">Then </span><span class="step val">I should see the validation error that only valid characters must be added</span><small class="step_duration">(0.019s)</small></div><div class="step_file"><span>steps/login_steps.py:65</span></div><span class="embed" /></li></ol><span /></div><div class="scenario"><span class="scenario_file">features/login.feature:52</span><h3 onclick="Collapsible_toggle('scenario_10')"><span class="val">Scenario Outline: Incorrect e-mail and password set -- @1.1 </span></h3><ol class="scenario_steps" id="scenario_10"><li class="step passed"><div class="step_name"><span class="keyword">Given </span><span class="step val">I navigate to home page</span><small class="step_duration">(7.197s)</small></div><div class="step_file"><span>steps/home_steps.py:6</span></div><span class="embed" /></li><li class="step passed"><div class="step_name"><span class="keyword">When </span><span class="step val">I navigate to login</span><small class="step_duration">(3.060s)</small></div><div class="step_file"><span>steps/home_steps.py:12</span></div><span class="embed" /></li><li class="step passed"><div class="step_name"><span class="keyword">When </span><span class="step val"><span>I enter an incorrect "</span><b>elena@2rd.ro</b><span>" and </span><b>"123456"</b><span /></span><small class="step_duration">(0.152s)</small></div><div class="step_file"><span>steps/login_steps.py:29</span></div><span class="embed" /></li><li class="step passed"><div class="step_name"><span class="keyword">And </span><span class="step val">I click on Submit button</span><small class="step_duration">(0.067s)</small></div><div class="step_file"><span>steps/login_steps.py:14</span></div><span class="embed" /></li><li class="step passed"><div class="step_name"><span class="keyword">Then </span><span class="step val">I should receive an error message</span><small class="step_duration">(0.338s)</small></div><div class="step_file"><span>steps/login_steps.py:60</span></div><span class="embed" /></li></ol><span /></div><div class="scenario"><span class="scenario_file">features/login.feature:53</span><h3 onclick="Collapsible_toggle('scenario_11')"><span class="val">Scenario Outline: Incorrect e-mail and password set -- @1.2 </span></h3><ol class="scenario_steps" id="scenario_11"><li class="step passed"><div class="step_name"><span class="keyword">Given </span><span class="step val">I navigate to home page</span><small class="step_duration">(6.301s)</small></div><div class="step_file"><span>steps/home_steps.py:6</span></div><span class="embed" /></li><li class="step passed"><div class="step_name"><span class="keyword">When </span><span class="step val">I navigate to login</span><small class="step_duration">(2.533s)</small></div><div class="step_file"><span>steps/home_steps.py:12</span></div><span class="embed" /></li><li class="step passed"><div class="step_name"><span class="keyword">When </span><span class="step val"><span>I enter an incorrect "</span><b>asca@koasdli.fe</b><span>" and </span><b>"Superpassword"</b><span /></span><small class="step_duration">(0.165s)</small></div><div class="step_file"><span>steps/login_steps.py:29</span></div><span class="embed" /></li><li class="step passed"><div class="step_name"><span class="keyword">And </span><span class="step val">I click on Submit button</span><small class="step_duration">(0.108s)</small></div><div class="step_file"><span>steps/login_steps.py:14</span></div><span class="embed" /></li><li class="step passed"><div class="step_name"><span class="keyword">Then </span><span class="step val">I should receive an error message</span><small class="step_duration">(0.269s)</small></div><div class="step_file"><span>steps/login_steps.py:60</span></div><span class="embed" /></li></ol><span /></div><div class="scenario"><span class="scenario_file">features/login.feature:54</span><h3 onclick="Collapsible_toggle('scenario_12')"><span class="val">Scenario Outline: Incorrect e-mail and password set -- @1.3 </span></h3><ol class="scenario_steps" id="scenario_12"><li class="step passed"><div class="step_name"><span class="keyword">Given </span><span class="step val">I navigate to home page</span><small class="step_duration">(6.644s)</small></div><div class="step_file"><span>steps/home_steps.py:6</span></div><span class="embed" /></li><li class="step passed"><div class="step_name"><span class="keyword">When </span><span class="step val">I navigate to login</span><small class="step_duration">(2.777s)</small></div><div class="step_file"><span>steps/home_steps.py:12</span></div><span class="embed" /></li><li class="step passed"><div class="step_name"><span class="keyword">When </span><span class="step val"><span>I enter an incorrect "</span><b>awdxas@yaasdhoo.com</b><span>" and </span><b>"safepass"</b><span /></span><small class="step_duration">(0.214s)</small></div><div class="step_file"><span>steps/login_steps.py:29</span></div><span class="embed" /></li><li class="step passed"><div class="step_name"><span class="keyword">And </span><span class="step val">I click on Submit button</span><small class="step_duration">(0.092s)</small></div><div class="step_file"><span>steps/login_steps.py:14</span></div><span class="embed" /></li><li class="step passed"><div class="step_name"><span class="keyword">Then </span><span class="step val">I should receive an error message</span><small class="step_duration">(0.194s)</small></div><div class="step_file"><span>steps/login_steps.py:60</span></div><span class="embed" /></li></ol><span /></div><div class="scenario"><span class="scenario_file">features/login.feature:55</span><h3 onclick="Collapsible_toggle('scenario_13')"><span class="val">Scenario Outline: Incorrect e-mail and password set -- @1.4 </span></h3><ol class="scenario_steps" id="scenario_13"><li class="step passed"><div class="step_name"><span class="keyword">Given </span><span class="step val">I navigate to home page</span><small class="step_duration">(5.293s)</small></div><div class="step_file"><span>steps/home_steps.py:6</span></div><span class="embed" /></li><li class="step passed"><div class="step_name"><span class="keyword">When </span><span class="step val">I navigate to login</span><small class="step_duration">(2.724s)</small></div><div class="step_file"><span>steps/home_steps.py:12</span></div><span class="embed" /></li><li class="step passed"><div class="step_name"><span class="keyword">When </span><span class="step val"><span>I enter an incorrect "</span><b>eawasmail@test.com</b><span>" and </span><b>"verysecretpassword"</b><span /></span><small class="step_duration">(0.197s)</small></div><div class="step_file"><span>steps/login_steps.py:29</span></div><span class="embed" /></li><li class="step passed"><div class="step_name"><span class="keyword">And </span><span class="step val">I click on Submit button</span><small class="step_duration">(0.085s)</small></div><div class="step_file"><span>steps/login_steps.py:14</span></div><span class="embed" /></li><li class="step passed"><div class="step_name"><span class="keyword">Then </span><span class="step val">I should receive an error message</span><small class="step_duration">(0.408s)</small></div><div class="step_file"><span>steps/login_steps.py:60</span></div><span class="embed" /></li></ol><span /></div><div class="scenario"><span class="scenario_file">features/login.feature:56</span><h3 onclick="Collapsible_toggle('scenario_14')"><span class="val">Scenario Outline: Incorrect e-mail and password set -- @1.5 </span></h3><ol class="scenario_steps" id="scenario_14"><li class="step passed"><div class="step_name"><span class="keyword">Given </span><span class="step val">I navigate to home page</span><small class="step_duration">(6.738s)</small></div><div class="step_file"><span>steps/home_steps.py:6</span></div><span class="embed" /></li><li class="step passed"><div class="step_name"><span class="keyword">When </span><span class="step val">I navigate to login</span><small class="step_duration">(2.799s)</small></div><div class="step_file"><span>steps/home_steps.py:12</span></div><span class="embed" /></li><li class="step passed"><div class="step_name"><span class="keyword">When </span><span class="step val"><span>I enter an incorrect "</span><b>doiu@test.co.uk</b><span>" and </span><b>"alabala"</b><span /></span><small class="step_duration">(0.163s)</small></div><div class="step_file"><span>steps/login_steps.py:29</span></div><span class="embed" /></li><li class="step passed"><div class="step_name"><span class="keyword">And </span><span class="step val">I click on Submit button</span><small class="step_duration">(0.068s)</small></div><div class="step_file"><span>steps/login_steps.py:14</span></div><span class="embed" /></li><li class="step passed"><div class="step_name"><span class="keyword">Then </span><span class="step val">I should receive an error message</span><small class="step_duration">(0.210s)</small></div><div class="step_file"><span>steps/login_steps.py:60</span></div><span class="embed" /></li></ol><span /></div><div class="scenario"><span class="scenario_file">features/login.feature:57</span><h3 onclick="Collapsible_toggle('scenario_15')"><span class="val">Scenario Outline: Incorrect e-mail and password set -- @1.6 </span></h3><ol class="scenario_steps" id="scenario_15"><li class="step passed"><div class="step_name"><span class="keyword">Given </span><span class="step val">I navigate to home page</span><small class="step_duration">(6.559s)</small></div><div class="step_file"><span>steps/home_steps.py:6</span></div><span class="embed" /></li><li class="step passed"><div class="step_name"><span class="keyword">When </span><span class="step val">I navigate to login</span><small class="step_duration">(2.748s)</small></div><div class="step_file"><span>steps/home_steps.py:12</span></div><span class="embed" /></li><li class="step passed"><div class="step_name"><span class="keyword">When </span><span class="step val"><span>I enter an incorrect "</span><b>lumea@test.itf</b><span>" and </span><b>"987654asda3210"</b><span /></span><small class="step_duration">(0.195s)</small></div><div class="step_file"><span>steps/login_steps.py:29</span></div><span class="embed" /></li><li class="step passed"><div class="step_name"><span class="keyword">And </span><span class="step val">I click on Submit button</span><small class="step_duration">(0.071s)</small></div><div class="step_file"><span>steps/login_steps.py:14</span></div><span class="embed" /></li><li class="step passed"><div class="step_name"><span class="keyword">Then </span><span class="step val">I should receive an error message</span><small class="step_duration">(0.209s)</small></div><div class="step_file"><span>steps/login_steps.py:60</span></div><span class="embed" /></li></ol><span /></div><div class="scenario"><span class="scenario_file">features/login.feature:58</span><h3 onclick="Collapsible_toggle('scenario_16')"><span class="val">Scenario Outline: Incorrect e-mail and password set -- @1.7 </span></h3><ol class="scenario_steps" id="scenario_16"><li class="step passed"><div class="step_name"><span class="keyword">Given </span><span class="step val">I navigate to home page</span><small class="step_duration">(6.773s)</small></div><div class="step_file"><span>steps/home_steps.py:6</span></div><span class="embed" /></li><li class="step passed"><div class="step_name"><span class="keyword">When </span><span class="step val">I navigate to login</span><small class="step_duration">(2.556s)</small></div><div class="step_file"><span>steps/home_steps.py:12</span></div><span class="embed" /></li><li class="step passed"><div class="step_name"><span class="keyword">When </span><span class="step val"><span>I enter an incorrect "</span><b>ola@test.ro</b><span>" and </span><b>"asedw212341"</b><span /></span><small class="step_duration">(0.181s)</small></div><div class="step_file"><span>steps/login_steps.py:29</span></div><span class="embed" /></li><li class="step passed"><div class="step_name"><span class="keyword">And </span><span class="step val">I click on Submit button</span><small class="step_duration">(0.080s)</small></div><div class="step_file"><span>steps/login_steps.py:14</span></div><span class="embed" /></li><li class="step passed"><div class="step_name"><span class="keyword">Then </span><span class="step val">I should receive an error message</span><small class="step_duration">(0.212s)</small></div><div class="step_file"><span>steps/login_steps.py:60</span></div><span class="embed" /></li></ol><span /></div><div class="feature"><h2><span class="val">Feature: Register user</span></h2><span /></div><div class="background"><h3><span class="val">Background: </span></h3><ol /><span /></div><div class="scenario"><span class="scenario_file">features/register.feature:6</span><span class="tag">@register_feature</span><h3 onclick="Collapsible_toggle('scenario_17')"><span class="val">Scenario: Successful Register</span></h3><ol class="scenario_steps" id="scenario_17"><li class="step passed"><div class="step_name"><span class="keyword">Given </span><span class="step val">I navigate to home page</span><small class="step_duration">(6.924s)</small></div><div class="step_file"><span>steps/home_steps.py:6</span></div><span class="embed" /></li><li class="step passed"><div class="step_name"><span class="keyword">When </span><span class="step val">I navigate to login</span><small class="step_duration">(2.707s)</small></div><div class="step_file"><span>steps/home_steps.py:12</span></div><span class="embed" /></li><li class="step passed"><div class="step_name"><span class="keyword">And </span><span class="step val">I navigate to register page</span><small class="step_duration">(1.087s)</small></div><div class="step_file"><span>steps/home_steps.py:22</span></div><span class="embed" /></li><li class="step passed"><div class="step_name"><span class="keyword">And </span><span class="step val">I enter valid register data</span><small class="step_duration">(0.395s)</small></div><div class="step_file"><span>steps/register_steps.py:6</span></div><span class="embed" /></li><li class="step passed"><div class="step_name"><span class="keyword">And </span><span class="step val">I click on register</span><small class="step_duration">(0.076s)</small></div><div class="step_file"><span>steps/register_steps.py:14</span></div><span class="embed" /></li><li class="step passed"><div class="step_name"><span class="keyword">Then </span><span class="step val">I should be logged in with my user</span><small class="step_duration">(4.184s)</small></div><div class="step_file"><span>steps/home_steps.py:38</span></div><span class="embed" /></li></ol><span /></div></div></body></html>